CODONML in paml version 4.8a, August 2014

codon     265: TCG AGC TCT TCA TCC TCC TCC TCC TCC TCC TCC TCC TCC TCC 

      728 bytes for distance
   278160 bytes for conP
     9120 bytes for fhK
  5000000 bytes for space

2 branch types are in tree. Stop if wrong.
TREE #  1
(((((6, (((((13, 11, 14), 12), (10, 9)), 8)), (7, 5)), (3, 2)), 4), 1));   MP score: 1595
This is a rooted tree, without clock.  Check.

  1808040 bytes for conP, adjusted

ntime & nrate & np:    26     2    30
branch=0  freq=0.762971 w0 = 0.299821
branch=0  freq=0.237029 w1 = 1.000000
			Qfactor for branch 0 = 7.461563
branch=1  freq=0.626197 w0 = 0.299821
branch=1  freq=0.194538 w1 = 1.000000
branch=1  freq=0.179264 w2 = 1.000000
			Qfactor for branch 1 = 6.701542
w[0] = 0.299821
w[1] = 1.000000
w[2] = 1.000000
Out..
lnL  = -8944.665087
2296 lfun, 11480 eigenQcodon, 238784 P(t)
end of tree file.

Time used:  3:15
